{"/Users/maru/projects/splittat/frontend/src/components/ui/Button.tsx": {"path":"/Users/maru/projects/splittat/frontend/src/components/ui/Button.tsx","statementMap":{"0":{"start":{"line":11,"column":13},"end":{"line":59,"column":null}},"1":{"start":{"line":26,"column":6},"end":{"line":26,"column":null}},"2":{"start":{"line":28,"column":26},"end":{"line":38,"column":null}},"3":{"start":{"line":40,"column":23},"end":{"line":44,"column":null}},"4":{"start":{"line":46,"column":24},"end":{"line":46,"column":null}},"5":{"start":{"line":62,"column":0},"end":{"line":62,"column":null}}},"fnMap":{"0":{"name":"(anonymous_0)","decl":{"start":{"line":12,"column":2},"end":{"line":12,"column":null}},"loc":{"start":{"line":23,"column":4},"end":{"line":59,"column":null}},"line":23}},"branchMap":{"0":{"loc":{"start":{"line":14,"column":6},"end":{"line":14,"column":25}},"type":"default-arg","locations":[{"start":{"line":14,"column":16},"end":{"line":14,"column":25}}],"line":14},"1":{"loc":{"start":{"line":15,"column":6},"end":{"line":15,"column":17}},"type":"default-arg","locations":[{"start":{"line":15,"column":13},"end":{"line":15,"column":17}}],"line":15},"2":{"loc":{"start":{"line":16,"column":6},"end":{"line":16,"column":21}},"type":"default-arg","locations":[{"start":{"line":16,"column":16},"end":{"line":16,"column":21}}],"line":16},"3":{"loc":{"start":{"line":17,"column":6},"end":{"line":17,"column":23}},"type":"default-arg","locations":[{"start":{"line":17,"column":18},"end":{"line":17,"column":23}}],"line":17},"4":{"loc":{"start":{"line":19,"column":6},"end":{"line":19,"column":20}},"type":"default-arg","locations":[{"start":{"line":19,"column":18},"end":{"line":19,"column":20}}],"line":19},"5":{"loc":{"start":{"line":46,"column":24},"end":{"line":46,"column":null}},"type":"cond-expr","locations":[{"start":{"line":46,"column":36},"end":{"line":46,"column":47}},{"start":{"line":46,"column":47},"end":{"line":46,"column":null}}],"line":46},"6":{"loc":{"start":{"line":51,"column":18},"end":{"line":51,"column":null}},"type":"binary-expr","locations":[{"start":{"line":51,"column":18},"end":{"line":51,"column":30}},{"start":{"line":51,"column":30},"end":{"line":51,"column":null}}],"line":51}},"s":{"0":1,"1":7,"2":7,"3":7,"4":7,"5":1},"f":{"0":7},"b":{"0":[7],"1":[7],"2":[7],"3":[7],"4":[7],"5":[1,6],"6":[7,6]},"meta":{"lastBranch":7,"lastFunction":1,"lastStatement":6,"seen":{"s:11:13:59:Infinity":0,"f:12:2:12:Infinity":0,"b:14:16:14:25":0,"b:15:13:15:17":1,"b:16:16:16:21":2,"b:17:18:17:23":3,"b:19:18:19:20":4,"s:26:6:26:Infinity":1,"s:28:26:38:Infinity":2,"s:40:23:44:Infinity":3,"s:46:24:46:Infinity":4,"b:46:36:46:47:46:47:46:Infinity":5,"b:51:18:51:30:51:30:51:Infinity":6,"s:62:0:62:Infinity":5}}}
,"/Users/maru/projects/splittat/frontend/src/test/test-utils.tsx": {"path":"/Users/maru/projects/splittat/frontend/src/test/test-utils.tsx","statementMap":{"0":{"start":{"line":7,"column":30},"end":{"line":17,"column":null}},"1":{"start":{"line":8,"column":2},"end":{"line":17,"column":null}},"2":{"start":{"line":24,"column":26},"end":{"line":24,"column":null}},"3":{"start":{"line":33,"column":21},"end":{"line":36,"column":null}},"4":{"start":{"line":35,"column":2},"end":{"line":36,"column":null}}},"fnMap":{"0":{"name":"(anonymous_0)","decl":{"start":{"line":7,"column":30},"end":{"line":7,"column":null}},"loc":{"start":{"line":8,"column":2},"end":{"line":17,"column":null}},"line":8},"1":{"name":"AllTheProviders","decl":{"start":{"line":23,"column":9},"end":{"line":23,"column":25}},"loc":{"start":{"line":23,"column":59},"end":{"line":31,"column":null}},"line":23},"2":{"name":"(anonymous_2)","decl":{"start":{"line":33,"column":21},"end":{"line":33,"column":null}},"loc":{"start":{"line":35,"column":2},"end":{"line":36,"column":null}},"line":35}},"branchMap":{},"s":{"0":1,"1":7,"2":7,"3":1,"4":6},"f":{"0":7,"1":7,"2":6},"b":{},"meta":{"lastBranch":0,"lastFunction":3,"lastStatement":5,"seen":{"s:7:30:17:Infinity":0,"f:7:30:7:Infinity":0,"s:8:2:17:Infinity":1,"f:23:9:23:25":1,"s:24:26:24:Infinity":2,"s:33:21:36:Infinity":3,"f:33:21:33:Infinity":2,"s:35:2:36:Infinity":4}}}
}
